  Performing Custom Build Tools
  usage: cl [ option... ] filename... [ /link linkoption... ]
  done
  Config.cpp
  ConfigFile.cpp
  ConfigFileIterator.cpp
  Connection.cpp
  Exception.cpp
  BinaryField.cpp
  BooleanField.cpp
  CharField.cpp
  F32Field.cpp
  F64Field.cpp
  Field.cpp
  I16Field.cpp
  I32Field.cpp
  I64Field.cpp
  I8Field.cpp
  StringField.cpp
  U16Field.cpp
  U32Field.cpp
  U64Field.cpp
  U8Field.cpp
  Generating Code...
  Compiling...
  ActiveSubscriptions.cpp
  AsyncPublisher.cpp
  CallbackAdapter.cpp
  CallbackLookup.cpp
  ConnectionFactory.cpp
  Dispatcher.cpp
  DynamicFactory.cpp
  Encoder.cpp
  ExclusionFilter.cpp
  InternalBinaryField.cpp
  InternalBooleanField.cpp
  InternalCharField.cpp
  InternalF32Field.cpp
  InternalF64Field.cpp
  InternalField.cpp
  InternalI16Field.cpp
  InternalI32Field.cpp
  InternalI64Field.cpp
  InternalI8Field.cpp
  InternalStringField.cpp
  Generating Code...
  Compiling...
  InternalU16Field.cpp
  InternalU32Field.cpp
  InternalU64Field.cpp
  InternalU8Field.cpp
  FileUtil.cpp
  InternalAtomics.cpp
  InternalAutoDispatcher.cpp
  InternalConfig.cpp
  InternalConfigFile.cpp
  InternalConfigFileIterator.cpp
  InternalConnection.cpp
  InternalException.cpp
  InternalMessage.cpp
  InternalMessageFieldIterator.cpp
  InternalStatus.cpp
  InternalSubscriptionInfo.cpp
  MathUtil.cpp
  MessageAggregationToolkit.cpp
  Middleware.cpp
  MsgFieldMap.cpp
  Generating Code...
  Compiling...
  PerformanceLogger.cpp
  RequestThread.cpp
  StringUtil.cpp
  Subject.cpp
  SubscriptionDetails.cpp
  SystemUtil.cpp
  TicketMutex.cpp
  TrackingDetails.cpp
  UniqueFilter.cpp
  InternalLog.cpp
  InternalLoggerStream.cpp
  InternalLogStream.cpp
  Value.cpp
  Message.cpp
  MessageFieldIterator.cpp
  Access.cpp
  Cipher.cpp
  MersenneTwister.cpp
  Policy.cpp
  Random.cpp
  Generating Code...
  Compiling...
  Signer.cpp
  Status.cpp
  SubscriptionInfo.cpp
  Atomics.cpp
  Condition.cpp
  CountDownLatch.cpp
  Log.cpp
  LoggerStream.cpp
  LogStream.cpp
  Mutex.cpp
  StdThread.cpp
  TimeUtil.cpp
  Generating Code...
  config.cpp
  config_file.cpp
  config_file_iterator.cpp
  connection.cpp
  binary_field.cpp
  boolean_field.cpp
  char_field.cpp
  f32_field.cpp
  f64_field.cpp
  field.cpp
  i16_field.cpp
  i32_field.cpp
  i64_field.cpp
  i8_field.cpp
  string_field.cpp
  u16_field.cpp
  u32_field.cpp
  u64_field.cpp
  u8_field.cpp
  message.cpp
  Generating Code...
  Compiling...
  message_field_iterator.cpp
  connection_manager.cpp
  device.cpp
  device_iterator.cpp
  device_param.cpp
  mnemonic.cpp
  mnemonic_iterator.cpp
  mnemonic_sample.cpp
  product_file.cpp
  product_file_iterator.cpp
  schema_id_iterator.cpp
  service_param.cpp
  specification.cpp
  status.cpp
  subscription_info.cpp
  log.cpp
  timeutil.cpp
  Generating Code...
  device_message.cpp
  mist_message.cpp
  mnemonic_message.cpp
  product_file_message.cpp
  Generating Code...
  ConnMgrCallbackCache.cpp
  ConnMgrCallbacks.cpp
  CustomSpecification.cpp
  FieldTemplate.cpp
  HeartbeatService.cpp
  InternalConnectionManager.cpp
  InternalDevice.cpp
  InternalDeviceIterator.cpp
  InternalDeviceParam.cpp
  InternalMnemonic.cpp
  InternalMnemonicIterator.cpp
  InternalMnemonicSample.cpp
  InternalProductFile.cpp
  InternalProductFileIterator.cpp
  InternalSchemaIDIterator.cpp
  InternalServiceParam.cpp
  InternalSpecification.cpp
  InternalSubscriptionInfo.cpp
  MessagePopulator.cpp
  MessageSubclassHelper.cpp
  Generating Code...
  Compiling...
  MessageTemplate.cpp
  MistCallbackAdapter.cpp
  ResourceInfoGenerator.cpp
  ResourceService.cpp
  SchemaTemplate.cpp
  ConnectionManager.cpp
  Device.cpp
  DeviceIterator.cpp
  DeviceMessage.cpp
  DeviceParam.cpp
  Mnemonic.cpp
  MnemonicIterator.cpp
  MnemonicMessage.cpp
  MnemonicSample.cpp
  ProductFile.cpp
  ProductFileIterator.cpp
  ProductFileMessage.cpp
  SchemaIDIterator.cpp
  ServiceParam.cpp
  Specification.cpp
  Generating Code...
  Compiling...
  SubscriptionInfo.cpp
  Generating Code...
  InternalDeviceMessage.cpp
  InternalMistMessage.cpp
  InternalMnemonicMessage.cpp
  InternalProductFileMessage.cpp
  DeviceMessage.cpp
  MistMessage.cpp
  MnemonicMessage.cpp
  ProductFileMessage.cpp
  Generating Code...
  Config.cpp
  ConfigFile.cpp
  ConfigFileIterator.cpp
  Connection.cpp
  ConnectionFactory.cpp
  Field.cpp
  FieldIterator.cpp
  AbstractFieldIterator.cpp
  API4_Adapter.cpp
  BaseConfig.cpp
  BaseConfigFile.cpp
  BaseField.cpp
  BaseStatus.cpp
  DynamicFactory.cpp
  fileutil.cpp
  GarbageCollector.cpp
  InternalAtomics.cpp
  InternalConnection.cpp
  InternalMessage.cpp
  mathutil.cpp
  Generating Code...
  Compiling...
  MessageBuddy.cpp
  MessageFieldMap.cpp
  AbstractBaseFieldDescriptor.cpp
  AbstractFieldDescriptor.cpp
  BaseCompoundFieldDescriptor.cpp
  BaseConnectionManager.cpp
  BaseContext.cpp
  BaseMessageTemplate.cpp
  BaseSpecification.cpp
  CompoundFieldDescriptor.cpp
  ConnMgrCallbackCache.cpp
  ConnMgrCallbacks.cpp
  Context.cpp
  DescriptorList.cpp
  HeartbeatService.cpp
  MessageTemplate.cpp
  Specification.cpp
  SimpleConfigFileIterator.cpp
  SimpleFieldIterator.cpp
  StatusException.cpp
  Generating Code...
  Compiling...
  strutil.cpp
  Subject.cpp
  TrackingDetails.cpp
  UniqueFilter.cpp
  Value.cpp
  Message.cpp
  ConnectionManager.cpp
  Access.cpp
  Cipher.cpp
  MersenneTwister.cpp
  Policy.cpp
  Random.cpp
  Signer.cpp
  Status.cpp
  Atomics.cpp
  Condition.cpp
  CountDownLatch.cpp
  Encoder.cpp
  Log.cpp
  log_c.cpp
  Generating Code...
  Compiling...
  Mutex.cpp
  StdThread.cpp
  String.cpp
  sysutil.cpp
  Thread.cpp
  timeutil.cpp
  timeutil_c.cpp
  jsoncpp.cpp
  miniz.cpp
c:\users\jmcowan\dev\gmsec_api\framework\support\src\miniz.cpp(1458): warning C4334: '<<': result of 32-bit shift implicitly converted to 64 bits (was 64-bit shift intended?)
  tinyxml2.cpp
  Generating Code...
  config.cpp
  configfile.cpp
  configfile_c.cpp
  config_c.cpp
  connection.cpp
  connection_c.cpp
  connection_factory.cpp
  connection_factory_c.cpp
  field.cpp
  field_c.cpp
  message.cpp
  message_c.cpp
  status.cpp
  status_c.cpp
  Generating Code...
C:\Program Files (x86)\Microsoft Visual Studio\2017\Community\Common7\IDE\VC\VCTargets\Microsoft.CppBuild.targets(1205,5): warning MSB8012: TargetPath(C:\Users\jmcowan\Dev\GMSEC_API\x64\Release\gmsecapi.dll) does not match the Linker's OutputFile property value (C:\Users\jmcowan\Dev\GMSEC_API\bin\gmsecapi.dll). This may cause your project to build incorrectly. To correct this, please make sure that $(OutDir), $(TargetName) and $(TargetExt) property values match the value specified in %(Link.OutputFile).
     Creating library .\objects/Release/gmsecapi.lib and object .\objects/Release/gmsecapi.exp
  gmsecapi.vcxproj -> C:\Users\jmcowan\Dev\GMSEC_API\x64\Release\gmsecapi.dll
  The system cannot find the file specified.
